======================================================
 - pinning rule in use   : PINNING_RULE_MCALC_SKIP_ALL
 - desired group         : 0, sockets = 0
 - num cores available   : 4
 - num accessible procs  : 4
 - num logical procs     : 4
 - affinity (main thread): 11 11 
 - sockets               : 0
 - potential cores       : 0,2
 - affinity              : 11
 - active cores          : 0,2
 - hyperthreading        : on
 - allowed socket ids    : 0
 - allowed core ids      : 0,2
 - used mask (string)    : 10 10 
======================================================

========================================================================
Processing CAD model (for field results)
	[Improved internal geometry representation]
	[Accuracy improvement for long shapes in inhomogeneous mesh regions]
Version 2019.4 (build 20190301)
PBA version 2019030119
2019 Mar 28 (Thu): 11:20:40
========================================================================

===========================================
Finished CAD processing (for field results)
===========================================

========================================================================
Processing CAD model
	[Improved internal geometry representation]
	[Accuracy improvement for long shapes in inhomogeneous mesh regions]
Version 2019.4 (build 20190301)
PBA version 2019030119
2019 Mar 28 (Thu): 11:20:40
========================================================================

----------------------------------------------
Used point accuracy enhancement value: 75.00%.
----------------------------------------------

=============================================================================
Mesh statistics:
-----------------------------------------------------------------------------
Minimum edge length (x): 5 @ mesh line 3 (x)
Maximum edge length (x): 10 @ mesh line 2 (x)
Minimum face area (x): 44.2 @ mesh lines 4 | 4 (y | z)
Maximum face area (x): 195 @ mesh lines 0 | 10 (y | z)
Minimum edge length (y): 5 @ mesh line 4 (y)
Maximum edge length (y): 9.96 @ mesh line 0 (y)
Minimum face area (y): 44.2 @ mesh lines 4 | 3 (z | x)
Maximum face area (y): 196 @ mesh lines 10 | 2 (z | x)
Minimum edge length (z): 8.85 @ mesh line 4 (z)
Maximum edge length (z): 19.6 @ mesh line 10 (z)
Minimum face area (z): 25 @ mesh lines 3 | 4 (x | y)
Maximum face area (z): 99.6 @ mesh lines 2 | 0 (x | y)
Maximum mesh face aspect ratio (x): 3.91 : 1.0  @ mesh lines 4 | 10 (y | z)
Maximum mesh face aspect ratio (y): 3.91 : 1.0  @ mesh lines 10 | 3 (z | x)
Maximum mesh face aspect ratio (z): 2 : 1.0  @ mesh lines 2 | 4 (x | y)
=============================================================================

===============================================================================
Available resources to store TST cells: 2147481505 (100255905.93% of mesh size)
===============================================================================

==================================================================================================
== CST Matrix Calculation Priority Log                                                          ==
==================================================================================================
 
Priorities are sorted in ascending order beginning with the lowest priority
 
Priority:   1, shape   1: component1:solid1, material: Vacuum, float:   0.00e+00, wire: false, sheet: false, human: false, PEC: false, SI: false, face port:   0, feature ID:      -1
Priority:   2, shape   2: component1:solid2, material: PEC, float:   0.00e+00, wire: false, sheet: false, human: false, PEC:  true, SI: false, face port:   0, feature ID:      -1
 
==================================================================================================
 
====================================================
PBA version: default
Geo accuracy: 75.000000
PEC background is represented by CAD geometry: false
Watertightness check: true
Self intersection check: false
Inheritance (all): true
Normal dominance (all): false
Normal dominance (ports): false
Flanges hollow: true
One shape per flange: false
====================================================
=======================
Finished CAD processing
=======================

------------------------------------------------------------
Parallelization Info
------------------------------------------------------------
Number of concurrent threads: 1
Number of node domains: 1
Number of mesh fill domains: 1
Memory downscale: 1
CPU load: 50.00%
Emptiness: 0.00%
Hex mesh complexity: 0.00
Geometric complexity: 0.00
------------------------------------------------------------
Node order
0
------------------------------------------------------------

1xN000:  <<<<<<<<<<<<<<<<<<<<<<<<
         2019 Mar28 (Thu): 112041
         <<<<<<<<<<<<<<<<<<<<<<<<

1xN000:  ======================================================
          - pinning rule in use   : PINNING_RULE_MCALC_SKIP_ALL
          - desired group         : 0, sockets = 0
          - num cores available   : 4
          - num accessible procs  : 4
          - num logical procs     : 4
          - affinity (main thread): 11 11
          - sockets               : 0
          - potential cores       : 0,2
          - affinity              : 11
          - active cores          : 0,2
          - hyperthreading        : on
          - allowed socket ids    : 0
          - allowed core ids      : 0,2
          - used mask (string)    : 10 10

         ======================================================

1xN000:  =======================================
         Matrix computation (PBA)
         	[Gaps between metals are preserved]
         	[PBA version: default]
         Version 2019.4 (build 20190301)
         PBA version 2019030119
         2019 Mar 28 (Thu): 11:20:41
         =======================================

1xN000:  ----------------------------------------------
         Used point accuracy enhancement value: 75.00%.
         ----------------------------------------------

1xN000:  Shapes are ordered to support shape wise matrix storage
1xN000:  ==================================================================================================
         == CST Matrix Calculation Priority Log                                                          ==
         ==================================================================================================

         Priorities are sorted in ascending order beginning with the lowest priority

         Priority:   3, shape   1: component1:solid1, material: Vacuum
         Priority:   4, shape   2: component1:solid2, material: PEC

         ==================================================================================================

1xN000:  Gap-Detection activated for FARM-topology. Gaps are resolved, even partially.: gap tolerance value is 0.001 and mesh geometry scale is 0.001
1xN000:  ccccccccccccccccccccccccccccccccccccccccccccccccccccccccccccccccccccc
         FARM/Meshfill cache is set to 8 (local FI domains: 1, dynamic: false)
         ccccccccccccccccccccccccccccccccccccccccccccccccccccccccccccccccccccc

1xN000:  ------------------------------------------------------------------------------
         PBA fill limit is applied in inverse mode.
         PBA fill limit is applied on faces filled with at least 99.00% metal material.
         --------------------------------------------------------------
         detailed accuracy settings:
         --------------------------------------------------------------
         augmented fill limit:       true
         augmented fill limit value: 99.00
         automatic fill limit:       true
         early fill limit:           true
         inverse fill limit:         true
         model complexity:           0.00
         legacy 2015:                false
         fixed point accuracy:       false
         minimum point accuracy:     0
         mesh step inheritance:      false
         accuracy mode:
         ------------------------------------------------------------------------------

1xN000:  discrete edge port "1" is connected to metal material.
1xN000:  discrete edge port "2" is connected to metal material.
1xN000:  ------------------------------------------------------------------
         The following discrete edge ports are connected to metal material:
         	1, 2
         ------------------------------------------------------------------

1xN000:  =================================
         Finished matrix computation (PBA)
         =================================

1xN000:  >>>>>>>>>>>>>>>>>>>>>>>>
         2019 Mar28 (Thu): 112044
         >>>>>>>>>>>>>>>>>>>>>>>>



--------------------------------
# of staircase filled cells: 0
# of staircase filled areas: 0
# of staircase filled edges: 0
# of faces above fill limit: 0
# of edges with FPBA topology: 0
--------------------------------

